<?xml version="1.0" encoding="UTF-8"?>
<coverage generated="1529486936545" clover="3.2.0">
  <project timestamp="1529486936546" name="All files">
    <metrics statements="199" coveredstatements="132" conditionals="60" coveredconditionals="28" methods="65" coveredmethods="43" elements="324" coveredelements="203" complexity="0" loc="199" ncloc="199" packages="5" files="12" classes="12">
      <package name="src">
        <metrics statements="6" coveredstatements="0" conditionals="0" coveredconditionals="0" methods="1" coveredmethods="0"/>
        <file name="index.js" path="/Users/MrSquee/Code/frontend-test-calendar-bentilley/src/index.js">
          <metrics statements="6" coveredstatements="0" conditionals="0" coveredconditionals="0" methods="1" coveredmethods="0"/>
          <line num="1" count="0" type="stmt"/>
          <line num="2" count="0" type="stmt"/>
          <line num="4" count="0" type="stmt"/>
          <line num="5" count="0" type="stmt"/>
          <line num="7" count="0" type="stmt"/>
          <line num="10" count="0" type="stmt"/>
        </file>
      </package>
      <package name="src.components.app">
        <metrics statements="7" coveredstatements="5" conditionals="4" coveredconditionals="2" methods="4" coveredmethods="2"/>
        <file name="app.js" path="/Users/MrSquee/Code/frontend-test-calendar-bentilley/src/components/app/app.js">
          <metrics statements="7" coveredstatements="5" conditionals="4" coveredconditionals="2" methods="4" coveredmethods="2"/>
          <line num="12" count="1" type="stmt"/>
          <line num="13" count="1" type="stmt"/>
          <line num="19" count="1" type="stmt"/>
          <line num="20" count="1" type="stmt"/>
          <line num="25" count="0" type="stmt"/>
          <line num="31" count="0" type="stmt"/>
          <line num="46" count="2" type="stmt"/>
        </file>
      </package>
      <package name="src.components.calendar">
        <metrics statements="88" coveredstatements="71" conditionals="26" coveredconditionals="15" methods="29" coveredmethods="23"/>
        <file name="calendar.js" path="/Users/MrSquee/Code/frontend-test-calendar-bentilley/src/components/calendar/calendar.js">
          <metrics statements="32" coveredstatements="23" conditionals="6" coveredconditionals="2" methods="11" coveredmethods="8"/>
          <line num="12" count="5" type="stmt"/>
          <line num="13" count="5" type="stmt"/>
          <line num="18" count="5" type="stmt"/>
          <line num="19" count="5" type="stmt"/>
          <line num="20" count="5" type="stmt"/>
          <line num="21" count="5" type="stmt"/>
          <line num="22" count="5" type="stmt"/>
          <line num="26" count="1" type="stmt"/>
          <line num="27" count="1" type="stmt"/>
          <line num="30" count="1" type="stmt"/>
          <line num="31" count="1" type="stmt"/>
          <line num="35" count="5" type="stmt"/>
          <line num="36" count="5" type="stmt"/>
          <line num="37" count="0" type="stmt"/>
          <line num="44" count="5" type="stmt"/>
          <line num="48" count="0" type="stmt"/>
          <line num="49" count="0" type="cond" truecount="0" falsecount="2"/>
          <line num="50" count="0" type="stmt"/>
          <line num="51" count="0" type="stmt"/>
          <line num="53" count="0" type="stmt"/>
          <line num="58" count="1" type="stmt"/>
          <line num="59" count="1" type="stmt"/>
          <line num="60" count="1" type="stmt"/>
          <line num="63" count="0" type="stmt"/>
          <line num="68" count="1" type="cond" truecount="1" falsecount="1"/>
          <line num="69" count="1" type="stmt"/>
          <line num="70" count="1" type="stmt"/>
          <line num="71" count="1" type="stmt"/>
          <line num="73" count="0" type="stmt"/>
          <line num="78" count="6" type="cond" truecount="1" falsecount="1"/>
          <line num="79" count="6" type="stmt"/>
          <line num="81" count="0" type="stmt"/>
        </file>
        <file name="month_view.js" path="/Users/MrSquee/Code/frontend-test-calendar-bentilley/src/components/calendar/month_view.js">
          <metrics statements="47" coveredstatements="41" conditionals="20" coveredconditionals="13" methods="13" coveredmethods="11"/>
          <line num="8" count="13" type="stmt"/>
          <line num="9" count="13" type="stmt"/>
          <line num="10" count="13" type="stmt"/>
          <line num="11" count="13" type="stmt"/>
          <line num="12" count="13" type="stmt"/>
          <line num="16" count="26" type="stmt"/>
          <line num="17" count="26" type="stmt"/>
          <line num="23" count="26" type="stmt"/>
          <line num="24" count="26" type="cond" truecount="2" falsecount="0"/>
          <line num="25" count="4" type="stmt"/>
          <line num="27" count="26" type="stmt"/>
          <line num="34" count="26" type="stmt"/>
          <line num="35" count="26" type="stmt"/>
          <line num="36" count="26" type="stmt"/>
          <line num="37" count="26" type="stmt"/>
          <line num="42" count="26" type="stmt"/>
          <line num="43" count="26" type="stmt"/>
          <line num="47" count="26" type="stmt"/>
          <line num="48" count="26" type="stmt"/>
          <line num="49" count="136" type="stmt"/>
          <line num="51" count="26" type="stmt"/>
          <line num="52" count="136" type="stmt"/>
          <line num="58" count="26" type="stmt"/>
          <line num="62" count="26" type="stmt"/>
          <line num="65" count="952" type="stmt"/>
          <line num="66" count="952" type="cond" truecount="4" falsecount="0"/>
          <line num="67" count="140" type="stmt"/>
          <line num="69" count="952" type="stmt"/>
          <line num="74" count="136" type="stmt"/>
          <line num="75" count="952" type="stmt"/>
          <line num="76" count="952" type="stmt"/>
          <line num="88" count="952" type="cond" truecount="2" falsecount="0"/>
          <line num="89" count="790" type="stmt"/>
          <line num="90" count="790" type="stmt"/>
          <line num="91" count="790" type="cond" truecount="1" falsecount="1"/>
          <line num="92" count="0" type="stmt"/>
          <line num="93" count="0" type="stmt"/>
          <line num="104" count="790" type="stmt"/>
          <line num="114" count="162" type="stmt"/>
          <line num="119" count="790" type="cond" truecount="1" falsecount="1"/>
          <line num="120" count="0" type="cond" truecount="0" falsecount="2"/>
          <line num="121" count="0" type="stmt"/>
          <line num="123" count="0" type="stmt"/>
          <line num="126" count="790" type="stmt"/>
          <line num="131" count="0" type="stmt"/>
          <line num="135" count="26" type="stmt"/>
          <line num="136" count="26" type="stmt"/>
        </file>
        <file name="showing.js" path="/Users/MrSquee/Code/frontend-test-calendar-bentilley/src/components/calendar/showing.js">
          <metrics statements="5" coveredstatements="3" conditionals="0" coveredconditionals="0" methods="3" coveredmethods="2"/>
          <line num="5" count="1" type="stmt"/>
          <line num="6" count="1" type="stmt"/>
          <line num="10" count="0" type="stmt"/>
          <line num="11" count="0" type="stmt"/>
          <line num="15" count="2" type="stmt"/>
        </file>
        <file name="weekdays.js" path="/Users/MrSquee/Code/frontend-test-calendar-bentilley/src/components/calendar/weekdays.js">
          <metrics statements="4" coveredstatements="4" conditionals="0" coveredconditionals="0" methods="2" coveredmethods="2"/>
          <line num="6" count="14" type="stmt"/>
          <line num="10" count="14" type="stmt"/>
          <line num="17" count="2" type="stmt"/>
          <line num="20" count="2" type="stmt"/>
        </file>
      </package>
      <package name="src.components.num-tickets">
        <metrics statements="41" coveredstatements="24" conditionals="18" coveredconditionals="6" methods="16" coveredmethods="8"/>
        <file name="choice.js" path="/Users/MrSquee/Code/frontend-test-calendar-bentilley/src/components/num-tickets/choice.js">
          <metrics statements="5" coveredstatements="3" conditionals="2" coveredconditionals="1" methods="3" coveredmethods="2"/>
          <line num="5" count="10" type="stmt"/>
          <line num="6" count="10" type="stmt"/>
          <line num="12" count="0" type="stmt"/>
          <line num="13" count="0" type="stmt"/>
          <line num="17" count="10" type="stmt"/>
        </file>
        <file name="last-choice-modal.js" path="/Users/MrSquee/Code/frontend-test-calendar-bentilley/src/components/num-tickets/last-choice-modal.js">
          <metrics statements="12" coveredstatements="4" conditionals="6" coveredconditionals="1" methods="5" coveredmethods="2"/>
          <line num="7" count="4" type="stmt"/>
          <line num="8" count="4" type="stmt"/>
          <line num="12" count="0" type="stmt"/>
          <line num="13" count="0" type="stmt"/>
          <line num="14" count="0" type="stmt"/>
          <line num="18" count="0" type="stmt"/>
          <line num="31" count="6" type="cond" truecount="1" falsecount="1"/>
          <line num="32" count="6" type="stmt"/>
          <line num="35" count="0" type="stmt"/>
          <line num="38" count="0" type="stmt"/>
          <line num="39" count="0" type="stmt"/>
          <line num="42" count="0" type="stmt"/>
        </file>
        <file name="last-choice.js" path="/Users/MrSquee/Code/frontend-test-calendar-bentilley/src/components/num-tickets/last-choice.js">
          <metrics statements="12" coveredstatements="6" conditionals="6" coveredconditionals="2" methods="5" coveredmethods="2"/>
          <line num="8" count="2" type="stmt"/>
          <line num="9" count="2" type="stmt"/>
          <line num="13" count="2" type="stmt"/>
          <line num="14" count="2" type="stmt"/>
          <line num="15" count="2" type="stmt"/>
          <line num="19" count="0" type="cond" truecount="0" falsecount="2"/>
          <line num="20" count="0" type="stmt"/>
          <line num="22" count="0" type="stmt"/>
          <line num="28" count="0" type="stmt"/>
          <line num="29" count="0" type="stmt"/>
          <line num="33" count="0" type="stmt"/>
          <line num="40" count="2" type="stmt"/>
        </file>
        <file name="num-tickets.js" path="/Users/MrSquee/Code/frontend-test-calendar-bentilley/src/components/num-tickets/num-tickets.js">
          <metrics statements="12" coveredstatements="11" conditionals="4" coveredconditionals="2" methods="3" coveredmethods="2"/>
          <line num="7" count="2" type="stmt"/>
          <line num="8" count="2" type="stmt"/>
          <line num="12" count="2" type="stmt"/>
          <line num="16" count="0" type="stmt"/>
          <line num="20" count="3" type="stmt"/>
          <line num="21" count="3" type="stmt"/>
          <line num="22" count="3" type="stmt"/>
          <line num="23" count="3" type="stmt"/>
          <line num="24" count="3" type="stmt"/>
          <line num="25" count="15" type="stmt"/>
          <line num="32" count="3" type="stmt"/>
          <line num="41" count="3" type="stmt"/>
        </file>
      </package>
      <package name="src.components.seating">
        <metrics statements="57" coveredstatements="32" conditionals="12" coveredconditionals="5" methods="15" coveredmethods="10"/>
        <file name="seating-map.js" path="/Users/MrSquee/Code/frontend-test-calendar-bentilley/src/components/seating/seating-map.js">
          <metrics statements="45" coveredstatements="24" conditionals="8" coveredconditionals="4" methods="9" coveredmethods="6"/>
          <line num="5" count="2" type="stmt"/>
          <line num="6" count="2" type="stmt"/>
          <line num="7" count="2" type="stmt"/>
          <line num="11" count="0" type="stmt"/>
          <line num="12" count="0" type="stmt"/>
          <line num="13" count="0" type="stmt"/>
          <line num="14" count="0" type="stmt"/>
          <line num="15" count="0" type="stmt"/>
          <line num="16" count="0" type="stmt"/>
          <line num="17" count="0" type="stmt"/>
          <line num="21" count="0" type="stmt"/>
          <line num="22" count="0" type="stmt"/>
          <line num="23" count="0" type="stmt"/>
          <line num="24" count="0" type="stmt"/>
          <line num="25" count="0" type="stmt"/>
          <line num="29" count="0" type="stmt"/>
          <line num="30" count="0" type="stmt"/>
          <line num="31" count="0" type="stmt"/>
          <line num="32" count="0" type="stmt"/>
          <line num="33" count="0" type="stmt"/>
          <line num="37" count="1" type="stmt"/>
          <line num="38" count="1" type="stmt"/>
          <line num="39" count="1" type="stmt"/>
          <line num="40" count="1" type="stmt"/>
          <line num="41" count="1" type="stmt"/>
          <line num="42" count="1" type="stmt"/>
          <line num="45" count="1" type="stmt"/>
          <line num="46" count="1" type="stmt"/>
          <line num="47" count="1" type="stmt"/>
          <line num="48" count="1" type="stmt"/>
          <line num="49" count="1" type="stmt"/>
          <line num="50" count="1" type="stmt"/>
          <line num="53" count="1" type="stmt"/>
          <line num="54" count="1" type="stmt"/>
          <line num="55" count="1" type="stmt"/>
          <line num="56" count="1" type="stmt"/>
          <line num="57" count="1" type="stmt"/>
          <line num="58" count="1" type="stmt"/>
          <line num="63" count="2" type="cond" truecount="1" falsecount="1"/>
          <line num="64" count="0" type="stmt"/>
          <line num="65" count="0" type="stmt"/>
          <line num="70" count="3" type="cond" truecount="1" falsecount="1"/>
          <line num="71" count="0" type="stmt"/>
          <line num="72" count="0" type="stmt"/>
          <line num="74" count="3" type="stmt"/>
        </file>
        <file name="seating.js" path="/Users/MrSquee/Code/frontend-test-calendar-bentilley/src/components/seating/seating.js">
          <metrics statements="12" coveredstatements="8" conditionals="4" coveredconditionals="1" methods="6" coveredmethods="4"/>
          <line num="8" count="2" type="stmt"/>
          <line num="9" count="2" type="stmt"/>
          <line num="12" count="2" type="stmt"/>
          <line num="16" count="2" type="stmt"/>
          <line num="17" count="2" type="stmt"/>
          <line num="18" count="0" type="stmt"/>
          <line num="25" count="0" type="cond" truecount="0" falsecount="2"/>
          <line num="26" count="0" type="stmt"/>
          <line num="41" count="2" type="stmt"/>
          <line num="45" count="3" type="cond" truecount="1" falsecount="1"/>
          <line num="46" count="3" type="stmt"/>
          <line num="48" count="0" type="stmt"/>
        </file>
      </package>
    </metrics>
  </project>
</coverage>
