{"/Users/MrSquee/Code/frontend-test-calendar-bentilley/src/index.js": {"path":"/Users/MrSquee/Code/frontend-test-calendar-bentilley/src/index.js","statementMap":{"0":{"start":{"line":1,"column":0},"end":{"line":null,"column":-1}},"1":{"start":{"line":2,"column":0},"end":{"line":null,"column":-1}},"2":{"start":{"line":4,"column":0},"end":{"line":null,"column":-1}},"3":{"start":{"line":5,"column":0},"end":{"line":null,"column":-1}},"4":{"start":{"line":7,"column":0},"end":{"line":null,"column":-1}},"5":{"start":{"line":10,"column":2},"end":{"line":null,"column":-1}}},"fnMap":{"0":{"name":"showApp","decl":{"start":{"line":9,"column":9},"end":{"line":9,"column":0}},"loc":{"start":{"line":9,"column":19},"end":{"line":11,"column":1}}}},"branchMap":{},"s":{"0":0,"1":0,"2":0,"3":0,"4":0,"5":0},"f":{"0":0},"b":{}}
,"/Users/MrSquee/Code/frontend-test-calendar-bentilley/src/components/app/app.js": {"path":"/Users/MrSquee/Code/frontend-test-calendar-bentilley/src/components/app/app.js","statementMap":{"0":{"start":{"line":12,"column":4},"end":{"line":12,"column":12}},"1":{"start":{"line":13,"column":4},"end":{"line":18,"column":5}},"2":{"start":{"line":19,"column":4},"end":{"line":19,"column":77}},"3":{"start":{"line":20,"column":4},"end":{"line":20,"column":76}},"4":{"start":{"line":25,"column":4},"end":{"line":27,"column":7}},"5":{"start":{"line":31,"column":4},"end":{"line":34,"column":7}},"6":{"start":{"line":46,"column":4},"end":{"line":76,"column":6}}},"fnMap":{"0":{"name":"(anonymous_0)","decl":{"start":{"line":11,"column":2},"end":{"line":11,"column":3}},"loc":{"start":{"line":11,"column":16},"end":{"line":22,"column":3}},"line":11},"1":{"name":"(anonymous_1)","decl":{"start":{"line":24,"column":2},"end":{"line":24,"column":3}},"loc":{"start":{"line":24,"column":35},"end":{"line":28,"column":3}},"line":24},"2":{"name":"(anonymous_2)","decl":{"start":{"line":30,"column":2},"end":{"line":30,"column":3}},"loc":{"start":{"line":30,"column":51},"end":{"line":35,"column":3}},"line":30},"3":{"name":"(anonymous_3)","decl":{"start":{"line":45,"column":2},"end":{"line":45,"column":3}},"loc":{"start":{"line":45,"column":11},"end":{"line":77,"column":3}},"line":45}},"branchMap":{"0":{"loc":{"start":{"line":51,"column":13},"end":{"line":51,"column":90}},"type":"cond-expr","locations":[{"start":{"line":51,"column":42},"end":{"line":51,"column":82}},{"start":{"line":51,"column":86},"end":{"line":51,"column":90}}],"line":51},"1":{"loc":{"start":{"line":52,"column":13},"end":{"line":52,"column":71}},"type":"cond-expr","locations":[{"start":{"line":52,"column":41},"end":{"line":52,"column":66}},{"start":{"line":52,"column":69},"end":{"line":52,"column":71}}],"line":52}},"s":{"0":1,"1":1,"2":1,"3":1,"4":0,"5":0,"6":2},"f":{"0":1,"1":0,"2":0,"3":2},"b":{"0":[0,2],"1":[0,2]},"_coverageSchema":"332fd63041d2c1bcb487cc26dd0d5f7d97098a6c","hash":"da8ebe21b65918fb8fc19c143f1f3d2189babcec"}
,"/Users/MrSquee/Code/frontend-test-calendar-bentilley/src/components/calendar/calendar.js": {"path":"/Users/MrSquee/Code/frontend-test-calendar-bentilley/src/components/calendar/calendar.js","statementMap":{"0":{"start":{"line":12,"column":4},"end":{"line":12,"column":12}},"1":{"start":{"line":13,"column":4},"end":{"line":17,"column":6}},"2":{"start":{"line":18,"column":4},"end":{"line":18,"column":47}},"3":{"start":{"line":19,"column":4},"end":{"line":19,"column":61}},"4":{"start":{"line":20,"column":4},"end":{"line":20,"column":61}},"5":{"start":{"line":21,"column":4},"end":{"line":21,"column":77}},"6":{"start":{"line":22,"column":4},"end":{"line":22,"column":63}},"7":{"start":{"line":26,"column":18},"end":{"line":26,"column":53}},"8":{"start":{"line":27,"column":4},"end":{"line":27,"column":58}},"9":{"start":{"line":30,"column":18},"end":{"line":30,"column":58}},"10":{"start":{"line":31,"column":4},"end":{"line":31,"column":58}},"11":{"start":{"line":35,"column":14},"end":{"line":35,"column":72}},"12":{"start":{"line":36,"column":4},"end":{"line":40,"column":7}},"13":{"start":{"line":37,"column":6},"end":{"line":39,"column":9}},"14":{"start":{"line":44,"column":4},"end":{"line":44,"column":24}},"15":{"start":{"line":48,"column":15},"end":{"line":48,"column":38}},"16":{"start":{"line":49,"column":4},"end":{"line":54,"column":5}},"17":{"start":{"line":50,"column":17},"end":{"line":50,"column":40}},"18":{"start":{"line":51,"column":6},"end":{"line":51,"column":64}},"19":{"start":{"line":53,"column":6},"end":{"line":53,"column":18}},"20":{"start":{"line":58,"column":15},"end":{"line":58,"column":38}},"21":{"start":{"line":59,"column":18},"end":{"line":59,"column":58}},"22":{"start":{"line":60,"column":4},"end":{"line":64,"column":7}},"23":{"start":{"line":63,"column":6},"end":{"line":63,"column":68}},"24":{"start":{"line":68,"column":4},"end":{"line":74,"column":5}},"25":{"start":{"line":69,"column":17},"end":{"line":69,"column":48}},"26":{"start":{"line":70,"column":23},"end":{"line":70,"column":54}},"27":{"start":{"line":71,"column":6},"end":{"line":71,"column":37}},"28":{"start":{"line":73,"column":6},"end":{"line":73,"column":17}},"29":{"start":{"line":78,"column":4},"end":{"line":80,"column":5}},"30":{"start":{"line":79,"column":6},"end":{"line":79,"column":18}},"31":{"start":{"line":81,"column":4},"end":{"line":103,"column":6}}},"fnMap":{"0":{"name":"(anonymous_0)","decl":{"start":{"line":11,"column":2},"end":{"line":11,"column":3}},"loc":{"start":{"line":11,"column":16},"end":{"line":23,"column":3}},"line":11},"1":{"name":"(anonymous_1)","decl":{"start":{"line":25,"column":2},"end":{"line":25,"column":3}},"loc":{"start":{"line":25,"column":21},"end":{"line":28,"column":3}},"line":25},"2":{"name":"(anonymous_2)","decl":{"start":{"line":29,"column":2},"end":{"line":29,"column":3}},"loc":{"start":{"line":29,"column":21},"end":{"line":32,"column":3}},"line":29},"3":{"name":"(anonymous_3)","decl":{"start":{"line":34,"column":2},"end":{"line":34,"column":3}},"loc":{"start":{"line":34,"column":17},"end":{"line":41,"column":3}},"line":34},"4":{"name":"(anonymous_4)","decl":{"start":{"line":36,"column":19},"end":{"line":36,"column":20}},"loc":{"start":{"line":36,"column":29},"end":{"line":40,"column":5}},"line":36},"5":{"name":"(anonymous_5)","decl":{"start":{"line":43,"column":2},"end":{"line":43,"column":3}},"loc":{"start":{"line":43,"column":22},"end":{"line":45,"column":3}},"line":43},"6":{"name":"(anonymous_6)","decl":{"start":{"line":47,"column":2},"end":{"line":47,"column":3}},"loc":{"start":{"line":47,"column":14},"end":{"line":55,"column":3}},"line":47},"7":{"name":"(anonymous_7)","decl":{"start":{"line":57,"column":2},"end":{"line":57,"column":3}},"loc":{"start":{"line":57,"column":46},"end":{"line":65,"column":3}},"line":57},"8":{"name":"(anonymous_8)","decl":{"start":{"line":62,"column":7},"end":{"line":62,"column":8}},"loc":{"start":{"line":62,"column":13},"end":{"line":64,"column":5}},"line":62},"9":{"name":"(anonymous_9)","decl":{"start":{"line":67,"column":2},"end":{"line":67,"column":3}},"loc":{"start":{"line":67,"column":26},"end":{"line":75,"column":3}},"line":67},"10":{"name":"(anonymous_10)","decl":{"start":{"line":77,"column":2},"end":{"line":77,"column":3}},"loc":{"start":{"line":77,"column":11},"end":{"line":104,"column":3}},"line":77}},"branchMap":{"0":{"loc":{"start":{"line":49,"column":4},"end":{"line":54,"column":5}},"type":"if","locations":[{"start":{"line":49,"column":4},"end":{"line":54,"column":5}},{"start":{"line":49,"column":4},"end":{"line":54,"column":5}}],"line":49},"1":{"loc":{"start":{"line":68,"column":4},"end":{"line":74,"column":5}},"type":"if","locations":[{"start":{"line":68,"column":4},"end":{"line":74,"column":5}},{"start":{"line":68,"column":4},"end":{"line":74,"column":5}}],"line":68},"2":{"loc":{"start":{"line":78,"column":4},"end":{"line":80,"column":5}},"type":"if","locations":[{"start":{"line":78,"column":4},"end":{"line":80,"column":5}},{"start":{"line":78,"column":4},"end":{"line":80,"column":5}}],"line":78}},"s":{"0":5,"1":5,"2":5,"3":5,"4":5,"5":5,"6":5,"7":1,"8":1,"9":1,"10":1,"11":5,"12":5,"13":0,"14":5,"15":0,"16":0,"17":0,"18":0,"19":0,"20":1,"21":1,"22":1,"23":0,"24":1,"25":1,"26":1,"27":1,"28":0,"29":6,"30":6,"31":0},"f":{"0":5,"1":1,"2":1,"3":5,"4":0,"5":5,"6":0,"7":1,"8":0,"9":1,"10":6},"b":{"0":[0,0],"1":[1,0],"2":[6,0]},"_coverageSchema":"332fd63041d2c1bcb487cc26dd0d5f7d97098a6c","hash":"5f3039ac7a839165373a18336993c3be4fd49740"}
,"/Users/MrSquee/Code/frontend-test-calendar-bentilley/src/components/calendar/month_view.js": {"path":"/Users/MrSquee/Code/frontend-test-calendar-bentilley/src/components/calendar/month_view.js","statementMap":{"0":{"start":{"line":8,"column":4},"end":{"line":8,"column":12}},"1":{"start":{"line":9,"column":4},"end":{"line":9,"column":49}},"2":{"start":{"line":10,"column":4},"end":{"line":10,"column":51}},"3":{"start":{"line":11,"column":4},"end":{"line":11,"column":49}},"4":{"start":{"line":12,"column":4},"end":{"line":12,"column":77}},"5":{"start":{"line":16,"column":24},"end":{"line":16,"column":66}},"6":{"start":{"line":17,"column":24},"end":{"line":17,"column":58}},"7":{"start":{"line":23,"column":4},"end":{"line":23,"column":23}},"8":{"start":{"line":24,"column":4},"end":{"line":26,"column":5}},"9":{"start":{"line":25,"column":6},"end":{"line":25,"column":24}},"10":{"start":{"line":27,"column":4},"end":{"line":27,"column":23}},"11":{"start":{"line":34,"column":25},"end":{"line":34,"column":56}},"12":{"start":{"line":35,"column":4},"end":{"line":35,"column":45}},"13":{"start":{"line":36,"column":20},"end":{"line":36,"column":79}},"14":{"start":{"line":37,"column":21},"end":{"line":37,"column":50}},"15":{"start":{"line":42,"column":17},"end":{"line":42,"column":51}},"16":{"start":{"line":43,"column":4},"end":{"line":43,"column":16}},"17":{"start":{"line":47,"column":15},"end":{"line":47,"column":17}},"18":{"start":{"line":48,"column":4},"end":{"line":50,"column":5}},"19":{"start":{"line":49,"column":6},"end":{"line":49,"column":51}},"20":{"start":{"line":51,"column":4},"end":{"line":57,"column":7}},"21":{"start":{"line":52,"column":6},"end":{"line":56,"column":8}},"22":{"start":{"line":58,"column":4},"end":{"line":58,"column":16}},"23":{"start":{"line":62,"column":4},"end":{"line":70,"column":9}},"24":{"start":{"line":65,"column":24},"end":{"line":65,"column":49}},"25":{"start":{"line":66,"column":8},"end":{"line":68,"column":9}},"26":{"start":{"line":67,"column":10},"end":{"line":67,"column":25}},"27":{"start":{"line":69,"column":8},"end":{"line":69,"column":25}},"28":{"start":{"line":74,"column":4},"end":{"line":84,"column":7}},"29":{"start":{"line":75,"column":22},"end":{"line":75,"column":63}},"30":{"start":{"line":76,"column":6},"end":{"line":83,"column":8}},"31":{"start":{"line":88,"column":4},"end":{"line":115,"column":5}},"32":{"start":{"line":89,"column":21},"end":{"line":89,"column":23}},"33":{"start":{"line":90,"column":20},"end":{"line":90,"column":40}},"34":{"start":{"line":91,"column":6},"end":{"line":103,"column":7}},"35":{"start":{"line":92,"column":8},"end":{"line":102,"column":11}},"36":{"start":{"line":93,"column":10},"end":{"line":101,"column":22}},"37":{"start":{"line":104,"column":6},"end":{"line":112,"column":8}},"38":{"start":{"line":114,"column":6},"end":{"line":114,"column":18}},"39":{"start":{"line":119,"column":4},"end":{"line":127,"column":5}},"40":{"start":{"line":120,"column":6},"end":{"line":124,"column":7}},"41":{"start":{"line":121,"column":8},"end":{"line":121,"column":46}},"42":{"start":{"line":123,"column":8},"end":{"line":123,"column":20}},"43":{"start":{"line":126,"column":6},"end":{"line":126,"column":18}},"44":{"start":{"line":131,"column":4},"end":{"line":131,"column":51}},"45":{"start":{"line":135,"column":17},"end":{"line":135,"column":35}},"46":{"start":{"line":136,"column":4},"end":{"line":136,"column":52}}},"fnMap":{"0":{"name":"(anonymous_0)","decl":{"start":{"line":7,"column":2},"end":{"line":7,"column":3}},"loc":{"start":{"line":7,"column":16},"end":{"line":13,"column":3}},"line":7},"1":{"name":"(anonymous_1)","decl":{"start":{"line":15,"column":2},"end":{"line":15,"column":3}},"loc":{"start":{"line":15,"column":16},"end":{"line":44,"column":3}},"line":15},"2":{"name":"(anonymous_2)","decl":{"start":{"line":46,"column":2},"end":{"line":46,"column":3}},"loc":{"start":{"line":46,"column":43},"end":{"line":59,"column":3}},"line":46},"3":{"name":"(anonymous_3)","decl":{"start":{"line":51,"column":20},"end":{"line":51,"column":21}},"loc":{"start":{"line":51,"column":43},"end":{"line":57,"column":5}},"line":51},"4":{"name":"(anonymous_4)","decl":{"start":{"line":61,"column":2},"end":{"line":61,"column":3}},"loc":{"start":{"line":61,"column":52},"end":{"line":71,"column":3}},"line":61},"5":{"name":"(anonymous_5)","decl":{"start":{"line":64,"column":11},"end":{"line":64,"column":12}},"loc":{"start":{"line":64,"column":31},"end":{"line":70,"column":7}},"line":64},"6":{"name":"(anonymous_6)","decl":{"start":{"line":73,"column":2},"end":{"line":73,"column":3}},"loc":{"start":{"line":73,"column":51},"end":{"line":85,"column":3}},"line":73},"7":{"name":"(anonymous_7)","decl":{"start":{"line":74,"column":23},"end":{"line":74,"column":24}},"loc":{"start":{"line":74,"column":49},"end":{"line":84,"column":5}},"line":74},"8":{"name":"(anonymous_8)","decl":{"start":{"line":87,"column":2},"end":{"line":87,"column":3}},"loc":{"start":{"line":87,"column":32},"end":{"line":116,"column":3}},"line":87},"9":{"name":"(anonymous_9)","decl":{"start":{"line":92,"column":37},"end":{"line":92,"column":38}},"loc":{"start":{"line":92,"column":47},"end":{"line":102,"column":9}},"line":92},"10":{"name":"(anonymous_10)","decl":{"start":{"line":118,"column":2},"end":{"line":118,"column":3}},"loc":{"start":{"line":118,"column":18},"end":{"line":128,"column":3}},"line":118},"11":{"name":"(anonymous_11)","decl":{"start":{"line":130,"column":2},"end":{"line":130,"column":3}},"loc":{"start":{"line":130,"column":50},"end":{"line":132,"column":3}},"line":130},"12":{"name":"(anonymous_12)","decl":{"start":{"line":134,"column":2},"end":{"line":134,"column":3}},"loc":{"start":{"line":134,"column":11},"end":{"line":137,"column":3}},"line":134}},"branchMap":{"0":{"loc":{"start":{"line":24,"column":4},"end":{"line":26,"column":5}},"type":"if","locations":[{"start":{"line":24,"column":4},"end":{"line":26,"column":5}},{"start":{"line":24,"column":4},"end":{"line":26,"column":5}}],"line":24},"1":{"loc":{"start":{"line":66,"column":8},"end":{"line":68,"column":9}},"type":"if","locations":[{"start":{"line":66,"column":8},"end":{"line":68,"column":9}},{"start":{"line":66,"column":8},"end":{"line":68,"column":9}}],"line":66},"2":{"loc":{"start":{"line":66,"column":12},"end":{"line":66,"column":52}},"type":"binary-expr","locations":[{"start":{"line":66,"column":12},"end":{"line":66,"column":25}},{"start":{"line":66,"column":29},"end":{"line":66,"column":52}}],"line":66},"3":{"loc":{"start":{"line":79,"column":31},"end":{"line":79,"column":62}},"type":"cond-expr","locations":[{"start":{"line":79,"column":48},"end":{"line":79,"column":50}},{"start":{"line":79,"column":53},"end":{"line":79,"column":62}}],"line":79},"4":{"loc":{"start":{"line":88,"column":4},"end":{"line":115,"column":5}},"type":"if","locations":[{"start":{"line":88,"column":4},"end":{"line":115,"column":5}},{"start":{"line":88,"column":4},"end":{"line":115,"column":5}}],"line":88},"5":{"loc":{"start":{"line":91,"column":6},"end":{"line":103,"column":7}},"type":"if","locations":[{"start":{"line":91,"column":6},"end":{"line":103,"column":7}},{"start":{"line":91,"column":6},"end":{"line":103,"column":7}}],"line":91},"6":{"loc":{"start":{"line":95,"column":30},"end":{"line":95,"column":91}},"type":"cond-expr","locations":[{"start":{"line":95,"column":76},"end":{"line":95,"column":86}},{"start":{"line":95,"column":89},"end":{"line":95,"column":91}}],"line":95},"7":{"loc":{"start":{"line":106,"column":34},"end":{"line":106,"column":59}},"type":"cond-expr","locations":[{"start":{"line":106,"column":44},"end":{"line":106,"column":54}},{"start":{"line":106,"column":57},"end":{"line":106,"column":59}}],"line":106},"8":{"loc":{"start":{"line":119,"column":4},"end":{"line":127,"column":5}},"type":"if","locations":[{"start":{"line":119,"column":4},"end":{"line":127,"column":5}},{"start":{"line":119,"column":4},"end":{"line":127,"column":5}}],"line":119},"9":{"loc":{"start":{"line":120,"column":6},"end":{"line":124,"column":7}},"type":"if","locations":[{"start":{"line":120,"column":6},"end":{"line":124,"column":7}},{"start":{"line":120,"column":6},"end":{"line":124,"column":7}}],"line":120}},"s":{"0":13,"1":13,"2":13,"3":13,"4":13,"5":26,"6":26,"7":26,"8":26,"9":4,"10":26,"11":26,"12":26,"13":26,"14":26,"15":26,"16":26,"17":26,"18":26,"19":136,"20":26,"21":136,"22":26,"23":26,"24":952,"25":952,"26":140,"27":952,"28":136,"29":952,"30":952,"31":952,"32":790,"33":790,"34":790,"35":0,"36":0,"37":790,"38":162,"39":790,"40":0,"41":0,"42":0,"43":790,"44":0,"45":26,"46":26},"f":{"0":13,"1":26,"2":26,"3":136,"4":26,"5":952,"6":136,"7":952,"8":952,"9":0,"10":790,"11":0,"12":26},"b":{"0":[4,22],"1":[140,812],"2":[952,890],"3":[790,162],"4":[790,162],"5":[0,790],"6":[0,0],"7":[0,790],"8":[0,790],"9":[0,0]},"_coverageSchema":"332fd63041d2c1bcb487cc26dd0d5f7d97098a6c","hash":"03285c4a1fde89377d17579e8308696ca9046fb1"}
,"/Users/MrSquee/Code/frontend-test-calendar-bentilley/src/components/calendar/showing.js": {"path":"/Users/MrSquee/Code/frontend-test-calendar-bentilley/src/components/calendar/showing.js","statementMap":{"0":{"start":{"line":5,"column":4},"end":{"line":5,"column":12}},"1":{"start":{"line":6,"column":4},"end":{"line":6,"column":51}},"2":{"start":{"line":10,"column":4},"end":{"line":10,"column":80}},"3":{"start":{"line":11,"column":4},"end":{"line":11,"column":22}},"4":{"start":{"line":15,"column":4},"end":{"line":20,"column":6}}},"fnMap":{"0":{"name":"(anonymous_0)","decl":{"start":{"line":4,"column":2},"end":{"line":4,"column":3}},"loc":{"start":{"line":4,"column":16},"end":{"line":7,"column":3}},"line":4},"1":{"name":"(anonymous_1)","decl":{"start":{"line":9,"column":2},"end":{"line":9,"column":3}},"loc":{"start":{"line":9,"column":17},"end":{"line":12,"column":3}},"line":9},"2":{"name":"(anonymous_2)","decl":{"start":{"line":14,"column":2},"end":{"line":14,"column":3}},"loc":{"start":{"line":14,"column":11},"end":{"line":21,"column":3}},"line":14}},"branchMap":{},"s":{"0":1,"1":1,"2":0,"3":0,"4":2},"f":{"0":1,"1":0,"2":2},"b":{},"_coverageSchema":"332fd63041d2c1bcb487cc26dd0d5f7d97098a6c","hash":"29c8e0ee97ff85c43ad6961f8466c51ef31a5e65"}
,"/Users/MrSquee/Code/frontend-test-calendar-bentilley/src/components/calendar/weekdays.js": {"path":"/Users/MrSquee/Code/frontend-test-calendar-bentilley/src/components/calendar/weekdays.js","statementMap":{"0":{"start":{"line":6,"column":20},"end":{"line":9,"column":20}},"1":{"start":{"line":10,"column":4},"end":{"line":14,"column":6}},"2":{"start":{"line":17,"column":18},"end":{"line":19,"column":38}},"3":{"start":{"line":20,"column":4},"end":{"line":20,"column":51}}},"fnMap":{"0":{"name":"(anonymous_0)","decl":{"start":{"line":5,"column":2},"end":{"line":5,"column":3}},"loc":{"start":{"line":5,"column":36},"end":{"line":15,"column":3}},"line":5},"1":{"name":"(anonymous_1)","decl":{"start":{"line":16,"column":2},"end":{"line":16,"column":3}},"loc":{"start":{"line":16,"column":11},"end":{"line":21,"column":3}},"line":16}},"branchMap":{},"s":{"0":14,"1":14,"2":2,"3":2},"f":{"0":14,"1":2},"b":{},"_coverageSchema":"332fd63041d2c1bcb487cc26dd0d5f7d97098a6c","hash":"552a9320cd260e141ef97f1863d93fe851fc322a"}
,"/Users/MrSquee/Code/frontend-test-calendar-bentilley/src/components/num-tickets/choice.js": {"path":"/Users/MrSquee/Code/frontend-test-calendar-bentilley/src/components/num-tickets/choice.js","statementMap":{"0":{"start":{"line":5,"column":4},"end":{"line":5,"column":17}},"1":{"start":{"line":6,"column":4},"end":{"line":8,"column":6}},"2":{"start":{"line":12,"column":4},"end":{"line":12,"column":49}},"3":{"start":{"line":13,"column":4},"end":{"line":13,"column":23}},"4":{"start":{"line":17,"column":4},"end":{"line":21,"column":6}}},"fnMap":{"0":{"name":"(anonymous_0)","decl":{"start":{"line":4,"column":2},"end":{"line":4,"column":3}},"loc":{"start":{"line":4,"column":21},"end":{"line":9,"column":3}},"line":4},"1":{"name":"(anonymous_1)","decl":{"start":{"line":11,"column":2},"end":{"line":11,"column":3}},"loc":{"start":{"line":11,"column":17},"end":{"line":14,"column":3}},"line":11},"2":{"name":"(anonymous_2)","decl":{"start":{"line":16,"column":2},"end":{"line":16,"column":3}},"loc":{"start":{"line":16,"column":11},"end":{"line":22,"column":3}},"line":16}},"branchMap":{"0":{"loc":{"start":{"line":18,"column":34},"end":{"line":18,"column":72}},"type":"cond-expr","locations":[{"start":{"line":18,"column":56},"end":{"line":18,"column":67}},{"start":{"line":18,"column":70},"end":{"line":18,"column":72}}],"line":18}},"s":{"0":10,"1":10,"2":0,"3":0,"4":10},"f":{"0":10,"1":0,"2":10},"b":{"0":[0,10]},"_coverageSchema":"332fd63041d2c1bcb487cc26dd0d5f7d97098a6c","hash":"b403f6217a6ef6b29abfebdf69b9d7c94edaaf67"}
,"/Users/MrSquee/Code/frontend-test-calendar-bentilley/src/components/num-tickets/last-choice-modal.js": {"path":"/Users/MrSquee/Code/frontend-test-calendar-bentilley/src/components/num-tickets/last-choice-modal.js","statementMap":{"0":{"start":{"line":7,"column":4},"end":{"line":7,"column":12}},"1":{"start":{"line":8,"column":4},"end":{"line":8,"column":53}},"2":{"start":{"line":12,"column":4},"end":{"line":12,"column":24}},"3":{"start":{"line":13,"column":4},"end":{"line":13,"column":36}},"4":{"start":{"line":14,"column":4},"end":{"line":14,"column":23}},"5":{"start":{"line":18,"column":4},"end":{"line":27,"column":6}},"6":{"start":{"line":31,"column":6},"end":{"line":33,"column":7}},"7":{"start":{"line":32,"column":8},"end":{"line":32,"column":20}},"8":{"start":{"line":35,"column":27},"end":{"line":40,"column":10}},"9":{"start":{"line":38,"column":23},"end":{"line":38,"column":48}},"10":{"start":{"line":39,"column":10},"end":{"line":39,"column":43}},"11":{"start":{"line":42,"column":6},"end":{"line":59,"column":8}}},"fnMap":{"0":{"name":"(anonymous_0)","decl":{"start":{"line":6,"column":2},"end":{"line":6,"column":3}},"loc":{"start":{"line":6,"column":16},"end":{"line":9,"column":3}},"line":6},"1":{"name":"(anonymous_1)","decl":{"start":{"line":11,"column":2},"end":{"line":11,"column":3}},"loc":{"start":{"line":11,"column":31},"end":{"line":15,"column":3}},"line":11},"2":{"name":"(anonymous_2)","decl":{"start":{"line":17,"column":2},"end":{"line":17,"column":3}},"loc":{"start":{"line":17,"column":23},"end":{"line":28,"column":3}},"line":17},"3":{"name":"(anonymous_3)","decl":{"start":{"line":30,"column":2},"end":{"line":30,"column":3}},"loc":{"start":{"line":30,"column":11},"end":{"line":60,"column":5}},"line":30},"4":{"name":"(anonymous_4)","decl":{"start":{"line":37,"column":13},"end":{"line":37,"column":14}},"loc":{"start":{"line":37,"column":30},"end":{"line":40,"column":9}},"line":37}},"branchMap":{"0":{"loc":{"start":{"line":21,"column":19},"end":{"line":21,"column":77}},"type":"cond-expr","locations":[{"start":{"line":21,"column":62},"end":{"line":21,"column":72}},{"start":{"line":21,"column":75},"end":{"line":21,"column":77}}],"line":21},"1":{"loc":{"start":{"line":24,"column":29},"end":{"line":24,"column":94}},"type":"cond-expr","locations":[{"start":{"line":24,"column":72},"end":{"line":24,"column":83}},{"start":{"line":24,"column":86},"end":{"line":24,"column":94}}],"line":24},"2":{"loc":{"start":{"line":31,"column":6},"end":{"line":33,"column":7}},"type":"if","locations":[{"start":{"line":31,"column":6},"end":{"line":33,"column":7}},{"start":{"line":31,"column":6},"end":{"line":33,"column":7}}],"line":31}},"s":{"0":4,"1":4,"2":0,"3":0,"4":0,"5":0,"6":6,"7":6,"8":0,"9":0,"10":0,"11":0},"f":{"0":4,"1":0,"2":0,"3":6,"4":0},"b":{"0":[0,0],"1":[0,0],"2":[6,0]},"_coverageSchema":"332fd63041d2c1bcb487cc26dd0d5f7d97098a6c","hash":"e2221b32885a632c8cb630754c35b7d61a09a886"}
,"/Users/MrSquee/Code/frontend-test-calendar-bentilley/src/components/num-tickets/last-choice.js": {"path":"/Users/MrSquee/Code/frontend-test-calendar-bentilley/src/components/num-tickets/last-choice.js","statementMap":{"0":{"start":{"line":8,"column":4},"end":{"line":8,"column":17}},"1":{"start":{"line":9,"column":4},"end":{"line":12,"column":6}},"2":{"start":{"line":13,"column":4},"end":{"line":13,"column":51}},"3":{"start":{"line":14,"column":4},"end":{"line":14,"column":51}},"4":{"start":{"line":15,"column":4},"end":{"line":15,"column":65}},"5":{"start":{"line":19,"column":4},"end":{"line":21,"column":5}},"6":{"start":{"line":20,"column":6},"end":{"line":20,"column":51}},"7":{"start":{"line":22,"column":4},"end":{"line":24,"column":7}},"8":{"start":{"line":28,"column":4},"end":{"line":28,"column":23}},"9":{"start":{"line":29,"column":4},"end":{"line":29,"column":23}},"10":{"start":{"line":33,"column":4},"end":{"line":35,"column":25}},"11":{"start":{"line":40,"column":4},"end":{"line":55,"column":6}}},"fnMap":{"0":{"name":"(anonymous_0)","decl":{"start":{"line":7,"column":2},"end":{"line":7,"column":3}},"loc":{"start":{"line":7,"column":21},"end":{"line":16,"column":3}},"line":7},"1":{"name":"(anonymous_1)","decl":{"start":{"line":18,"column":2},"end":{"line":18,"column":3}},"loc":{"start":{"line":18,"column":16},"end":{"line":25,"column":3}},"line":18},"2":{"name":"(anonymous_2)","decl":{"start":{"line":27,"column":2},"end":{"line":27,"column":3}},"loc":{"start":{"line":27,"column":17},"end":{"line":30,"column":3}},"line":27},"3":{"name":"(anonymous_3)","decl":{"start":{"line":32,"column":2},"end":{"line":32,"column":3}},"loc":{"start":{"line":32,"column":29},"end":{"line":37,"column":3}},"line":32},"4":{"name":"(anonymous_4)","decl":{"start":{"line":39,"column":2},"end":{"line":39,"column":3}},"loc":{"start":{"line":39,"column":11},"end":{"line":56,"column":3}},"line":39}},"branchMap":{"0":{"loc":{"start":{"line":19,"column":4},"end":{"line":21,"column":5}},"type":"if","locations":[{"start":{"line":19,"column":4},"end":{"line":21,"column":5}},{"start":{"line":19,"column":4},"end":{"line":21,"column":5}}],"line":19},"1":{"loc":{"start":{"line":41,"column":39},"end":{"line":41,"column":77}},"type":"cond-expr","locations":[{"start":{"line":41,"column":61},"end":{"line":41,"column":72}},{"start":{"line":41,"column":75},"end":{"line":41,"column":77}}],"line":41},"2":{"loc":{"start":{"line":43,"column":9},"end":{"line":43,"column":39}},"type":"cond-expr","locations":[{"start":{"line":43,"column":31},"end":{"line":43,"column":33}},{"start":{"line":43,"column":36},"end":{"line":43,"column":39}}],"line":43}},"s":{"0":2,"1":2,"2":2,"3":2,"4":2,"5":0,"6":0,"7":0,"8":0,"9":0,"10":0,"11":2},"f":{"0":2,"1":0,"2":0,"3":0,"4":2},"b":{"0":[0,0],"1":[0,2],"2":[0,2]},"_coverageSchema":"332fd63041d2c1bcb487cc26dd0d5f7d97098a6c","hash":"3039d2334d9bfdfbd7afb94573d3136703eb00fb"}
,"/Users/MrSquee/Code/frontend-test-calendar-bentilley/src/components/num-tickets/num-tickets.js": {"path":"/Users/MrSquee/Code/frontend-test-calendar-bentilley/src/components/num-tickets/num-tickets.js","statementMap":{"0":{"start":{"line":7,"column":4},"end":{"line":7,"column":12}},"1":{"start":{"line":8,"column":4},"end":{"line":11,"column":5}},"2":{"start":{"line":12,"column":4},"end":{"line":12,"column":71}},"3":{"start":{"line":16,"column":4},"end":{"line":16,"column":42}},"4":{"start":{"line":20,"column":26},"end":{"line":20,"column":55}},"5":{"start":{"line":21,"column":21},"end":{"line":21,"column":45}},"6":{"start":{"line":22,"column":21},"end":{"line":22,"column":42}},"7":{"start":{"line":23,"column":20},"end":{"line":23,"column":22}},"8":{"start":{"line":24,"column":4},"end":{"line":31,"column":5}},"9":{"start":{"line":25,"column":6},"end":{"line":30,"column":24}},"10":{"start":{"line":32,"column":4},"end":{"line":39,"column":23}},"11":{"start":{"line":41,"column":4},"end":{"line":46,"column":20}}},"fnMap":{"0":{"name":"(anonymous_0)","decl":{"start":{"line":6,"column":2},"end":{"line":6,"column":3}},"loc":{"start":{"line":6,"column":16},"end":{"line":13,"column":3}},"line":6},"1":{"name":"(anonymous_1)","decl":{"start":{"line":15,"column":2},"end":{"line":15,"column":3}},"loc":{"start":{"line":15,"column":32},"end":{"line":17,"column":3}},"line":15},"2":{"name":"(anonymous_2)","decl":{"start":{"line":19,"column":2},"end":{"line":19,"column":3}},"loc":{"start":{"line":19,"column":11},"end":{"line":47,"column":3}},"line":19}},"branchMap":{"0":{"loc":{"start":{"line":28,"column":33},"end":{"line":28,"column":64}},"type":"cond-expr","locations":[{"start":{"line":28,"column":52},"end":{"line":28,"column":56}},{"start":{"line":28,"column":59},"end":{"line":28,"column":64}}],"line":28},"1":{"loc":{"start":{"line":36,"column":31},"end":{"line":36,"column":75}},"type":"cond-expr","locations":[{"start":{"line":36,"column":63},"end":{"line":36,"column":67}},{"start":{"line":36,"column":70},"end":{"line":36,"column":75}}],"line":36}},"s":{"0":2,"1":2,"2":2,"3":0,"4":3,"5":3,"6":3,"7":3,"8":3,"9":15,"10":3,"11":3},"f":{"0":2,"1":0,"2":3},"b":{"0":[0,15],"1":[0,3]},"_coverageSchema":"332fd63041d2c1bcb487cc26dd0d5f7d97098a6c","hash":"62e5a3abb2de95efd61425a8a8e25c340efcbced"}
,"/Users/MrSquee/Code/frontend-test-calendar-bentilley/src/components/seating/seating-map.js": {"path":"/Users/MrSquee/Code/frontend-test-calendar-bentilley/src/components/seating/seating-map.js","statementMap":{"0":{"start":{"line":5,"column":4},"end":{"line":5,"column":12}},"1":{"start":{"line":6,"column":4},"end":{"line":6,"column":36}},"2":{"start":{"line":7,"column":4},"end":{"line":7,"column":49}},"3":{"start":{"line":11,"column":4},"end":{"line":11,"column":27}},"4":{"start":{"line":12,"column":4},"end":{"line":12,"column":29}},"5":{"start":{"line":13,"column":4},"end":{"line":13,"column":22}},"6":{"start":{"line":14,"column":4},"end":{"line":14,"column":20}},"7":{"start":{"line":15,"column":4},"end":{"line":15,"column":31}},"8":{"start":{"line":16,"column":4},"end":{"line":16,"column":15}},"9":{"start":{"line":17,"column":4},"end":{"line":17,"column":17}},"10":{"start":{"line":21,"column":4},"end":{"line":21,"column":15}},"11":{"start":{"line":22,"column":4},"end":{"line":22,"column":15}},"12":{"start":{"line":23,"column":4},"end":{"line":23,"column":29}},"13":{"start":{"line":24,"column":4},"end":{"line":24,"column":25}},"14":{"start":{"line":25,"column":4},"end":{"line":25,"column":17}},"15":{"start":{"line":29,"column":4},"end":{"line":29,"column":18}},"16":{"start":{"line":30,"column":4},"end":{"line":30,"column":27}},"17":{"start":{"line":31,"column":4},"end":{"line":31,"column":33}},"18":{"start":{"line":32,"column":4},"end":{"line":32,"column":27}},"19":{"start":{"line":33,"column":4},"end":{"line":33,"column":29}},"20":{"start":{"line":37,"column":14},"end":{"line":37,"column":21}},"21":{"start":{"line":38,"column":16},"end":{"line":38,"column":33}},"22":{"start":{"line":39,"column":4},"end":{"line":43,"column":5}},"23":{"start":{"line":40,"column":14},"end":{"line":40,"column":27}},"24":{"start":{"line":41,"column":14},"end":{"line":41,"column":27}},"25":{"start":{"line":42,"column":6},"end":{"line":42,"column":41}},"26":{"start":{"line":45,"column":4},"end":{"line":51,"column":7}},"27":{"start":{"line":46,"column":14},"end":{"line":46,"column":20}},"28":{"start":{"line":47,"column":14},"end":{"line":47,"column":20}},"29":{"start":{"line":48,"column":20},"end":{"line":48,"column":32}},"30":{"start":{"line":49,"column":17},"end":{"line":49,"column":26}},"31":{"start":{"line":50,"column":6},"end":{"line":50,"column":56}},"32":{"start":{"line":53,"column":4},"end":{"line":59,"column":7}},"33":{"start":{"line":54,"column":14},"end":{"line":54,"column":21}},"34":{"start":{"line":55,"column":14},"end":{"line":55,"column":21}},"35":{"start":{"line":56,"column":14},"end":{"line":56,"column":25}},"36":{"start":{"line":57,"column":14},"end":{"line":57,"column":26}},"37":{"start":{"line":58,"column":6},"end":{"line":58,"column":48}},"38":{"start":{"line":63,"column":4},"end":{"line":66,"column":5}},"39":{"start":{"line":64,"column":20},"end":{"line":64,"column":56}},"40":{"start":{"line":65,"column":6},"end":{"line":65,"column":55}},"41":{"start":{"line":70,"column":4},"end":{"line":73,"column":5}},"42":{"start":{"line":71,"column":18},"end":{"line":71,"column":46}},"43":{"start":{"line":72,"column":19},"end":{"line":72,"column":48}},"44":{"start":{"line":74,"column":4},"end":{"line":78,"column":6}}},"fnMap":{"0":{"name":"(anonymous_0)","decl":{"start":{"line":4,"column":2},"end":{"line":4,"column":3}},"loc":{"start":{"line":4,"column":16},"end":{"line":8,"column":3}},"line":4},"1":{"name":"(anonymous_1)","decl":{"start":{"line":10,"column":2},"end":{"line":10,"column":3}},"loc":{"start":{"line":10,"column":32},"end":{"line":18,"column":3}},"line":10},"2":{"name":"(anonymous_2)","decl":{"start":{"line":20,"column":2},"end":{"line":20,"column":3}},"loc":{"start":{"line":20,"column":39},"end":{"line":26,"column":3}},"line":20},"3":{"name":"(anonymous_3)","decl":{"start":{"line":28,"column":2},"end":{"line":28,"column":3}},"loc":{"start":{"line":28,"column":44},"end":{"line":34,"column":3}},"line":28},"4":{"name":"(anonymous_4)","decl":{"start":{"line":36,"column":2},"end":{"line":36,"column":3}},"loc":{"start":{"line":36,"column":35},"end":{"line":60,"column":3}},"line":36},"5":{"name":"(anonymous_5)","decl":{"start":{"line":45,"column":41},"end":{"line":45,"column":42}},"loc":{"start":{"line":45,"column":49},"end":{"line":51,"column":5}},"line":45},"6":{"name":"(anonymous_6)","decl":{"start":{"line":53,"column":31},"end":{"line":53,"column":32}},"loc":{"start":{"line":53,"column":40},"end":{"line":59,"column":5}},"line":53},"7":{"name":"(anonymous_7)","decl":{"start":{"line":62,"column":2},"end":{"line":62,"column":3}},"loc":{"start":{"line":62,"column":22},"end":{"line":67,"column":3}},"line":62},"8":{"name":"(anonymous_8)","decl":{"start":{"line":69,"column":2},"end":{"line":69,"column":3}},"loc":{"start":{"line":69,"column":11},"end":{"line":79,"column":3}},"line":69}},"branchMap":{"0":{"loc":{"start":{"line":63,"column":4},"end":{"line":66,"column":5}},"type":"if","locations":[{"start":{"line":63,"column":4},"end":{"line":66,"column":5}},{"start":{"line":63,"column":4},"end":{"line":66,"column":5}}],"line":63},"1":{"loc":{"start":{"line":70,"column":4},"end":{"line":73,"column":5}},"type":"if","locations":[{"start":{"line":70,"column":4},"end":{"line":73,"column":5}},{"start":{"line":70,"column":4},"end":{"line":73,"column":5}}],"line":70},"2":{"loc":{"start":{"line":76,"column":23},"end":{"line":76,"column":42}},"type":"cond-expr","locations":[{"start":{"line":76,"column":31},"end":{"line":76,"column":36}},{"start":{"line":76,"column":39},"end":{"line":76,"column":42}}],"line":76},"3":{"loc":{"start":{"line":76,"column":52},"end":{"line":76,"column":73}},"type":"cond-expr","locations":[{"start":{"line":76,"column":61},"end":{"line":76,"column":67}},{"start":{"line":76,"column":70},"end":{"line":76,"column":73}}],"line":76}},"s":{"0":2,"1":2,"2":2,"3":0,"4":0,"5":0,"6":0,"7":0,"8":0,"9":0,"10":0,"11":0,"12":0,"13":0,"14":0,"15":0,"16":0,"17":0,"18":0,"19":0,"20":1,"21":1,"22":1,"23":1,"24":1,"25":1,"26":1,"27":1,"28":1,"29":1,"30":1,"31":1,"32":1,"33":1,"34":1,"35":1,"36":1,"37":1,"38":2,"39":0,"40":0,"41":3,"42":0,"43":0,"44":3},"f":{"0":2,"1":0,"2":0,"3":0,"4":1,"5":1,"6":1,"7":2,"8":3},"b":{"0":[0,2],"1":[0,3],"2":[0,3],"3":[0,3]},"_coverageSchema":"332fd63041d2c1bcb487cc26dd0d5f7d97098a6c","hash":"f00bf0822d60100132ff55bac4f4e7543de9961c"}
,"/Users/MrSquee/Code/frontend-test-calendar-bentilley/src/components/seating/seating.js": {"path":"/Users/MrSquee/Code/frontend-test-calendar-bentilley/src/components/seating/seating.js","statementMap":{"0":{"start":{"line":8,"column":4},"end":{"line":8,"column":12}},"1":{"start":{"line":9,"column":4},"end":{"line":11,"column":6}},"2":{"start":{"line":12,"column":4},"end":{"line":12,"column":69}},"3":{"start":{"line":16,"column":21},"end":{"line":16,"column":76}},"4":{"start":{"line":17,"column":4},"end":{"line":21,"column":7}},"5":{"start":{"line":18,"column":6},"end":{"line":20,"column":9}},"6":{"start":{"line":25,"column":4},"end":{"line":27,"column":5}},"7":{"start":{"line":26,"column":6},"end":{"line":26,"column":34}},"8":{"start":{"line":41,"column":4},"end":{"line":41,"column":32}},"9":{"start":{"line":45,"column":4},"end":{"line":47,"column":5}},"10":{"start":{"line":46,"column":6},"end":{"line":46,"column":18}},"11":{"start":{"line":48,"column":4},"end":{"line":53,"column":6}}},"fnMap":{"0":{"name":"(anonymous_0)","decl":{"start":{"line":7,"column":2},"end":{"line":7,"column":3}},"loc":{"start":{"line":7,"column":16},"end":{"line":13,"column":3}},"line":7},"1":{"name":"(anonymous_1)","decl":{"start":{"line":15,"column":2},"end":{"line":15,"column":3}},"loc":{"start":{"line":15,"column":25},"end":{"line":22,"column":3}},"line":15},"2":{"name":"(anonymous_2)","decl":{"start":{"line":17,"column":26},"end":{"line":17,"column":27}},"loc":{"start":{"line":17,"column":43},"end":{"line":21,"column":5}},"line":17},"3":{"name":"(anonymous_3)","decl":{"start":{"line":24,"column":2},"end":{"line":24,"column":3}},"loc":{"start":{"line":24,"column":39},"end":{"line":38,"column":3}},"line":24},"4":{"name":"(anonymous_4)","decl":{"start":{"line":40,"column":2},"end":{"line":40,"column":3}},"loc":{"start":{"line":40,"column":22},"end":{"line":42,"column":3}},"line":40},"5":{"name":"(anonymous_5)","decl":{"start":{"line":44,"column":2},"end":{"line":44,"column":3}},"loc":{"start":{"line":44,"column":11},"end":{"line":54,"column":3}},"line":44}},"branchMap":{"0":{"loc":{"start":{"line":25,"column":4},"end":{"line":27,"column":5}},"type":"if","locations":[{"start":{"line":25,"column":4},"end":{"line":27,"column":5}},{"start":{"line":25,"column":4},"end":{"line":27,"column":5}}],"line":25},"1":{"loc":{"start":{"line":45,"column":4},"end":{"line":47,"column":5}},"type":"if","locations":[{"start":{"line":45,"column":4},"end":{"line":47,"column":5}},{"start":{"line":45,"column":4},"end":{"line":47,"column":5}}],"line":45}},"s":{"0":2,"1":2,"2":2,"3":2,"4":2,"5":0,"6":0,"7":0,"8":2,"9":3,"10":3,"11":0},"f":{"0":2,"1":2,"2":0,"3":0,"4":2,"5":3},"b":{"0":[0,0],"1":[3,0]},"_coverageSchema":"332fd63041d2c1bcb487cc26dd0d5f7d97098a6c","hash":"a94708952a400c50714f0df94c452bdb55e8120d"}
}
