TN:
SF:/Users/MrSquee/Code/frontend-test-calendar-bentilley/src/index.js
FN:9,showApp
FNF:1
FNH:0
FNDA:0,showApp
DA:1,0
DA:2,0
DA:4,0
DA:5,0
DA:7,0
DA:10,0
LF:6
LH:0
BRF:0
BRH:0
end_of_record
TN:
SF:/Users/MrSquee/Code/frontend-test-calendar-bentilley/src/components/app/app.js
FN:11,(anonymous_0)
FN:24,(anonymous_1)
FN:30,(anonymous_2)
FN:45,(anonymous_3)
FNF:4
FNH:2
FNDA:1,(anonymous_0)
FNDA:0,(anonymous_1)
FNDA:0,(anonymous_2)
FNDA:2,(anonymous_3)
DA:12,1
DA:13,1
DA:19,1
DA:20,1
DA:25,0
DA:31,0
DA:46,2
LF:7
LH:5
BRDA:51,0,0,0
BRDA:51,0,1,2
BRDA:52,1,0,0
BRDA:52,1,1,2
BRF:4
BRH:2
end_of_record
TN:
SF:/Users/MrSquee/Code/frontend-test-calendar-bentilley/src/components/calendar/calendar.js
FN:11,(anonymous_0)
FN:25,(anonymous_1)
FN:29,(anonymous_2)
FN:34,(anonymous_3)
FN:36,(anonymous_4)
FN:43,(anonymous_5)
FN:47,(anonymous_6)
FN:57,(anonymous_7)
FN:62,(anonymous_8)
FN:67,(anonymous_9)
FN:77,(anonymous_10)
FNF:11
FNH:8
FNDA:5,(anonymous_0)
FNDA:1,(anonymous_1)
FNDA:1,(anonymous_2)
FNDA:5,(anonymous_3)
FNDA:0,(anonymous_4)
FNDA:5,(anonymous_5)
FNDA:0,(anonymous_6)
FNDA:1,(anonymous_7)
FNDA:0,(anonymous_8)
FNDA:1,(anonymous_9)
FNDA:6,(anonymous_10)
DA:12,5
DA:13,5
DA:18,5
DA:19,5
DA:20,5
DA:21,5
DA:22,5
DA:26,1
DA:27,1
DA:30,1
DA:31,1
DA:35,5
DA:36,5
DA:37,0
DA:44,5
DA:48,0
DA:49,0
DA:50,0
DA:51,0
DA:53,0
DA:58,1
DA:59,1
DA:60,1
DA:63,0
DA:68,1
DA:69,1
DA:70,1
DA:71,1
DA:73,0
DA:78,6
DA:79,6
DA:81,0
LF:32
LH:23
BRDA:49,0,0,0
BRDA:49,0,1,0
BRDA:68,1,0,1
BRDA:68,1,1,0
BRDA:78,2,0,6
BRDA:78,2,1,0
BRF:6
BRH:2
end_of_record
TN:
SF:/Users/MrSquee/Code/frontend-test-calendar-bentilley/src/components/calendar/month_view.js
FN:7,(anonymous_0)
FN:15,(anonymous_1)
FN:46,(anonymous_2)
FN:51,(anonymous_3)
FN:61,(anonymous_4)
FN:64,(anonymous_5)
FN:73,(anonymous_6)
FN:74,(anonymous_7)
FN:87,(anonymous_8)
FN:92,(anonymous_9)
FN:118,(anonymous_10)
FN:130,(anonymous_11)
FN:134,(anonymous_12)
FNF:13
FNH:11
FNDA:13,(anonymous_0)
FNDA:26,(anonymous_1)
FNDA:26,(anonymous_2)
FNDA:136,(anonymous_3)
FNDA:26,(anonymous_4)
FNDA:952,(anonymous_5)
FNDA:136,(anonymous_6)
FNDA:952,(anonymous_7)
FNDA:952,(anonymous_8)
FNDA:0,(anonymous_9)
FNDA:790,(anonymous_10)
FNDA:0,(anonymous_11)
FNDA:26,(anonymous_12)
DA:8,13
DA:9,13
DA:10,13
DA:11,13
DA:12,13
DA:16,26
DA:17,26
DA:23,26
DA:24,26
DA:25,4
DA:27,26
DA:34,26
DA:35,26
DA:36,26
DA:37,26
DA:42,26
DA:43,26
DA:47,26
DA:48,26
DA:49,136
DA:51,26
DA:52,136
DA:58,26
DA:62,26
DA:65,952
DA:66,952
DA:67,140
DA:69,952
DA:74,136
DA:75,952
DA:76,952
DA:88,952
DA:89,790
DA:90,790
DA:91,790
DA:92,0
DA:93,0
DA:104,790
DA:114,162
DA:119,790
DA:120,0
DA:121,0
DA:123,0
DA:126,790
DA:131,0
DA:135,26
DA:136,26
LF:47
LH:41
BRDA:24,0,0,4
BRDA:24,0,1,22
BRDA:66,1,0,140
BRDA:66,1,1,812
BRDA:66,2,0,952
BRDA:66,2,1,890
BRDA:79,3,0,790
BRDA:79,3,1,162
BRDA:88,4,0,790
BRDA:88,4,1,162
BRDA:91,5,0,0
BRDA:91,5,1,790
BRDA:95,6,0,0
BRDA:95,6,1,0
BRDA:106,7,0,0
BRDA:106,7,1,790
BRDA:119,8,0,0
BRDA:119,8,1,790
BRDA:120,9,0,0
BRDA:120,9,1,0
BRF:20
BRH:13
end_of_record
TN:
SF:/Users/MrSquee/Code/frontend-test-calendar-bentilley/src/components/calendar/showing.js
FN:4,(anonymous_0)
FN:9,(anonymous_1)
FN:14,(anonymous_2)
FNF:3
FNH:2
FNDA:1,(anonymous_0)
FNDA:0,(anonymous_1)
FNDA:2,(anonymous_2)
DA:5,1
DA:6,1
DA:10,0
DA:11,0
DA:15,2
LF:5
LH:3
BRF:0
BRH:0
end_of_record
TN:
SF:/Users/MrSquee/Code/frontend-test-calendar-bentilley/src/components/calendar/weekdays.js
FN:5,(anonymous_0)
FN:16,(anonymous_1)
FNF:2
FNH:2
FNDA:14,(anonymous_0)
FNDA:2,(anonymous_1)
DA:6,14
DA:10,14
DA:17,2
DA:20,2
LF:4
LH:4
BRF:0
BRH:0
end_of_record
TN:
SF:/Users/MrSquee/Code/frontend-test-calendar-bentilley/src/components/num-tickets/choice.js
FN:4,(anonymous_0)
FN:11,(anonymous_1)
FN:16,(anonymous_2)
FNF:3
FNH:2
FNDA:10,(anonymous_0)
FNDA:0,(anonymous_1)
FNDA:10,(anonymous_2)
DA:5,10
DA:6,10
DA:12,0
DA:13,0
DA:17,10
LF:5
LH:3
BRDA:18,0,0,0
BRDA:18,0,1,10
BRF:2
BRH:1
end_of_record
TN:
SF:/Users/MrSquee/Code/frontend-test-calendar-bentilley/src/components/num-tickets/last-choice-modal.js
FN:6,(anonymous_0)
FN:11,(anonymous_1)
FN:17,(anonymous_2)
FN:30,(anonymous_3)
FN:37,(anonymous_4)
FNF:5
FNH:2
FNDA:4,(anonymous_0)
FNDA:0,(anonymous_1)
FNDA:0,(anonymous_2)
FNDA:6,(anonymous_3)
FNDA:0,(anonymous_4)
DA:7,4
DA:8,4
DA:12,0
DA:13,0
DA:14,0
DA:18,0
DA:31,6
DA:32,6
DA:35,0
DA:38,0
DA:39,0
DA:42,0
LF:12
LH:4
BRDA:21,0,0,0
BRDA:21,0,1,0
BRDA:24,1,0,0
BRDA:24,1,1,0
BRDA:31,2,0,6
BRDA:31,2,1,0
BRF:6
BRH:1
end_of_record
TN:
SF:/Users/MrSquee/Code/frontend-test-calendar-bentilley/src/components/num-tickets/last-choice.js
FN:7,(anonymous_0)
FN:18,(anonymous_1)
FN:27,(anonymous_2)
FN:32,(anonymous_3)
FN:39,(anonymous_4)
FNF:5
FNH:2
FNDA:2,(anonymous_0)
FNDA:0,(anonymous_1)
FNDA:0,(anonymous_2)
FNDA:0,(anonymous_3)
FNDA:2,(anonymous_4)
DA:8,2
DA:9,2
DA:13,2
DA:14,2
DA:15,2
DA:19,0
DA:20,0
DA:22,0
DA:28,0
DA:29,0
DA:33,0
DA:40,2
LF:12
LH:6
BRDA:19,0,0,0
BRDA:19,0,1,0
BRDA:41,1,0,0
BRDA:41,1,1,2
BRDA:43,2,0,0
BRDA:43,2,1,2
BRF:6
BRH:2
end_of_record
TN:
SF:/Users/MrSquee/Code/frontend-test-calendar-bentilley/src/components/num-tickets/num-tickets.js
FN:6,(anonymous_0)
FN:15,(anonymous_1)
FN:19,(anonymous_2)
FNF:3
FNH:2
FNDA:2,(anonymous_0)
FNDA:0,(anonymous_1)
FNDA:3,(anonymous_2)
DA:7,2
DA:8,2
DA:12,2
DA:16,0
DA:20,3
DA:21,3
DA:22,3
DA:23,3
DA:24,3
DA:25,15
DA:32,3
DA:41,3
LF:12
LH:11
BRDA:28,0,0,0
BRDA:28,0,1,15
BRDA:36,1,0,0
BRDA:36,1,1,3
BRF:4
BRH:2
end_of_record
TN:
SF:/Users/MrSquee/Code/frontend-test-calendar-bentilley/src/components/seating/seating-map.js
FN:4,(anonymous_0)
FN:10,(anonymous_1)
FN:20,(anonymous_2)
FN:28,(anonymous_3)
FN:36,(anonymous_4)
FN:45,(anonymous_5)
FN:53,(anonymous_6)
FN:62,(anonymous_7)
FN:69,(anonymous_8)
FNF:9
FNH:6
FNDA:2,(anonymous_0)
FNDA:0,(anonymous_1)
FNDA:0,(anonymous_2)
FNDA:0,(anonymous_3)
FNDA:1,(anonymous_4)
FNDA:1,(anonymous_5)
FNDA:1,(anonymous_6)
FNDA:2,(anonymous_7)
FNDA:3,(anonymous_8)
DA:5,2
DA:6,2
DA:7,2
DA:11,0
DA:12,0
DA:13,0
DA:14,0
DA:15,0
DA:16,0
DA:17,0
DA:21,0
DA:22,0
DA:23,0
DA:24,0
DA:25,0
DA:29,0
DA:30,0
DA:31,0
DA:32,0
DA:33,0
DA:37,1
DA:38,1
DA:39,1
DA:40,1
DA:41,1
DA:42,1
DA:45,1
DA:46,1
DA:47,1
DA:48,1
DA:49,1
DA:50,1
DA:53,1
DA:54,1
DA:55,1
DA:56,1
DA:57,1
DA:58,1
DA:63,2
DA:64,0
DA:65,0
DA:70,3
DA:71,0
DA:72,0
DA:74,3
LF:45
LH:24
BRDA:63,0,0,0
BRDA:63,0,1,2
BRDA:70,1,0,0
BRDA:70,1,1,3
BRDA:76,2,0,0
BRDA:76,2,1,3
BRDA:76,3,0,0
BRDA:76,3,1,3
BRF:8
BRH:4
end_of_record
TN:
SF:/Users/MrSquee/Code/frontend-test-calendar-bentilley/src/components/seating/seating.js
FN:7,(anonymous_0)
FN:15,(anonymous_1)
FN:17,(anonymous_2)
FN:24,(anonymous_3)
FN:40,(anonymous_4)
FN:44,(anonymous_5)
FNF:6
FNH:4
FNDA:2,(anonymous_0)
FNDA:2,(anonymous_1)
FNDA:0,(anonymous_2)
FNDA:0,(anonymous_3)
FNDA:2,(anonymous_4)
FNDA:3,(anonymous_5)
DA:8,2
DA:9,2
DA:12,2
DA:16,2
DA:17,2
DA:18,0
DA:25,0
DA:26,0
DA:41,2
DA:45,3
DA:46,3
DA:48,0
LF:12
LH:8
BRDA:25,0,0,0
BRDA:25,0,1,0
BRDA:45,1,0,3
BRDA:45,1,1,0
BRF:4
BRH:1
end_of_record
